<?xml version="1.0" encoding="UTF-8"?>
<!-- Generated by org.testng.reporters.JUnitXMLReporter -->
<testsuite ignored="0" hostname="MLBSRL-20159" failures="0" tests="3" name="Regression1" time="43.361" errors="0" timestamp="06 Sep 2018 15:36:44 GMT">
  <testcase classname="SeleniumSessions.GoogleTitleTest" name="LogoTest" time="0.072"/>
  <testcase classname="SeleniumSessions.GoogleTitleTest" name="TestTiltle" time="0.01"/>
  <testcase classname="SeleniumSessions.FrameHandling" name="selectFrame" time="3.802"/>
</testsuite> <!-- Regression1 -->
