<?xml version="1.0" encoding="UTF-8"?>
<!-- Generated by org.testng.reporters.JUnitReportReporter -->
<testsuite hostname="MLBSRL-20159" failures="0" tests="1" name="SeleniumSessions.ExceptionTimeOutTest" time="0.044" errors="1" timestamp="06 Sep 2018 14:13:20 GMT" skipped="0">
  <testcase classname="SeleniumSessions.ExceptionTimeOutTest" name="testNonStopLoop" time="0.044">
    <error message="Method SeleniumSessions.ExceptionTimeOutTest.testNonStopLoop() didn&#039;t finish within the time-out 2" type="org.testng.internal.thread.ThreadTimeoutException">
      <![CDATA[org.testng.internal.thread.ThreadTimeoutException: Method SeleniumSessions.ExceptionTimeOutTest.testNonStopLoop() didn't finish within the time-out 2
at java.base@9.0.1/java.lang.System.arraycopy(Native Method)
at java.base@9.0.1/java.io.BufferedOutputStream.write(Unknown Source)
at java.base@9.0.1/java.io.PrintStream.write(Unknown Source)
at java.base@9.0.1/sun.nio.cs.StreamEncoder.writeBytes(Unknown Source)
at java.base@9.0.1/sun.nio.cs.StreamEncoder.implFlushBuffer(Unknown Source)
at java.base@9.0.1/sun.nio.cs.StreamEncoder.flushBuffer(Unknown Source)
at java.base@9.0.1/java.io.OutputStreamWriter.flushBuffer(Unknown Source)
at java.base@9.0.1/java.io.PrintStream.write(Unknown Source)
at java.base@9.0.1/java.io.PrintStream.print(Unknown Source)
at java.base@9.0.1/java.io.PrintStream.println(Unknown Source)
at app//SeleniumSessions.ExceptionTimeOutTest.testNonStopLoop(ExceptionTimeOutTest.java:11)
at java.base@9.0.1/jdk.internal.reflect.NativeMethodAccessorImpl.invoke0(Native Method)
at java.base@9.0.1/jdk.internal.reflect.NativeMethodAccessorImpl.invoke(Unknown Source)
at java.base@9.0.1/jdk.internal.reflect.DelegatingMethodAccessorImpl.invoke(Unknown Source)
at java.base@9.0.1/java.lang.reflect.Method.invoke(Unknown Source)
at app//org.testng.internal.MethodInvocationHelper.invokeMethod(MethodInvocationHelper.java:124)
at app//org.testng.internal.InvokeMethodRunnable.runOne(InvokeMethodRunnable.java:54)
at app//org.testng.internal.InvokeMethodRunnable.run(InvokeMethodRunnable.java:40)
at java.base@9.0.1/java.util.concurrent.Executors$RunnableAdapter.call(Unknown Source)
at java.base@9.0.1/java.util.concurrent.FutureTask.run(Unknown Source)
at java.base@9.0.1/java.util.concurrent.ThreadPoolExecutor.runWorker(Unknown Source)
at java.base@9.0.1/java.util.concurrent.ThreadPoolExecutor$Worker.run(Unknown Source)
at java.base@9.0.1/java.lang.Thread.run(Unknown Source)
]]>
    </error>
  </testcase> <!-- testNonStopLoop -->
</testsuite> <!-- SeleniumSessions.ExceptionTimeOutTest -->
